

> @praxis/core@0.0.1 build /home/pedro/dev/praxis/packages/core
> tsup src/index.ts src/domain/index.ts src/infra/index.ts --format cjs,esm --dts --clean

[34mCLI[39m Building entry: src/index.ts, src/domain/index.ts, src/infra/index.ts
[34mCLI[39m Using tsconfig: tsconfig.json
[34mCLI[39m tsup v8.5.1
[34mCLI[39m Using tsup config: /home/pedro/dev/praxis/packages/core/tsup.config.ts
[34mCLI[39m Target: es2022
[34mCLI[39m Cleaning output folder
[34mCJS[39m Build start
[34mESM[39m Build start
[32mESM[39m [1mdist/domain/index.js       [22m[32m485.00 B[39m
[32mESM[39m [1mdist/infra/index.js        [22m[32m141.00 B[39m
[32mESM[39m [1mdist/index.js              [22m[32m580.00 B[39m
[32mESM[39m [1mdist/chunk-OYUJGJVE.js     [22m[32m2.90 KB[39m
[32mESM[39m [1mdist/chunk-L26A5MHU.js     [22m[32m2.76 KB[39m
[32mESM[39m [1mdist/domain/index.js.map   [22m[32m71.00 B[39m
[32mESM[39m [1mdist/infra/index.js.map    [22m[32m71.00 B[39m
[32mESM[39m [1mdist/chunk-OYUJGJVE.js.map [22m[32m5.96 KB[39m
[32mESM[39m [1mdist/index.js.map          [22m[32m71.00 B[39m
[32mESM[39m [1mdist/chunk-L26A5MHU.js.map [22m[32m5.48 KB[39m
[32mESM[39m ⚡️ Build success in 42ms
[32mCJS[39m [1mdist/index.cjs            [22m[32m8.48 KB[39m
[32mCJS[39m [1mdist/domain/index.cjs     [22m[32m4.64 KB[39m
[32mCJS[39m [1mdist/infra/index.cjs      [22m[32m4.86 KB[39m
[32mCJS[39m [1mdist/index.cjs.map        [22m[32m11.37 KB[39m
[32mCJS[39m [1mdist/infra/index.cjs.map  [22m[32m5.51 KB[39m
[32mCJS[39m [1mdist/domain/index.cjs.map [22m[32m6.16 KB[39m
[32mCJS[39m ⚡️ Build success in 44ms
DTS Build start
DTS ⚡️ Build success in 5578ms
DTS dist/index.d.cts        524.00 B
DTS dist/domain/index.d.cts 3.92 KB
DTS dist/infra/index.d.cts  29.80 KB
DTS dist/index.d.ts         522.00 B
DTS dist/domain/index.d.ts  3.92 KB
DTS dist/infra/index.d.ts   29.80 KB
